<?xml version="1.0" encoding="UTF-8"?>
<!-- Generated by org.testng.reporters.JUnitReportReporter -->
<testsuite hostname="DESKTOP-3JG0K1M" failures="0" tests="3" name="ChrisAcademyTest.SubmitOrderTests" time="81.779" errors="0" timestamp="2024-11-28T09:48:05 GMT" skipped="0">
  <testcase classname="ChrisAcademyTest.SubmitOrderTests" name="submitOrder" time="22.737"/>
  <testcase classname="ChrisAcademyTest.SubmitOrderTests" name="submitOrder" time="22.699"/>
  <testcase classname="ChrisAcademyTest.SubmitOrderTests" name="submitOrder" time="36.343"/>
</testsuite> <!-- ChrisAcademyTest.SubmitOrderTests -->
