<?xml version="1.0" encoding="UTF-8"?>
<!-- Generated by org.testng.reporters.JUnitReportReporter -->
<testsuite hostname="DESKTOP-3JG0K1M" failures="0" tests="1" name="ChrisAcademyTest.SubmitOrderTest" time="5.970" errors="0" timestamp="2024-11-27T13:33:16 GMT" skipped="0">
  <testcase classname="ChrisAcademyTest.SubmitOrderTest" name="submitOrder" time="5.970"/>
</testsuite> <!-- ChrisAcademyTest.SubmitOrderTest -->
