<?xml version="1.0" encoding="UTF-8"?>
<!-- Generated by org.testng.reporters.JUnitReportReporter -->
<testsuite hostname="DESKTOP-3JG0K1M" failures="0" tests="3" name="ChrisAcademyTest.SubmitOrderTests" time="95.456" errors="0" timestamp="2024-11-28T07:51:43 GMT" skipped="0">
  <testcase classname="ChrisAcademyTest.SubmitOrderTests" name="submitOrder" time="25.172"/>
  <testcase classname="ChrisAcademyTest.SubmitOrderTests" name="submitOrder" time="35.020"/>
  <testcase classname="ChrisAcademyTest.SubmitOrderTests" name="submitOrder" time="35.264"/>
</testsuite> <!-- ChrisAcademyTest.SubmitOrderTests -->
