<?xml version="1.0" encoding="UTF-8"?>
<!-- Generated by org.testng.reporters.JUnitReportReporter -->
<testsuite hostname="DESKTOP-3JG0K1M" failures="0" tests="1" name="ChrisAcademyTest.ErrorValidationTest" time="6.353" errors="0" timestamp="2024-11-28T07:00:20 GMT" skipped="0">
  <testcase classname="ChrisAcademyTest.ErrorValidationTest" name="loginErrorValidation" time="6.353"/>
</testsuite> <!-- ChrisAcademyTest.ErrorValidationTest -->
